<?xml version="1.0" encoding="UTF-8"?>
<testng-results skipped="0" failed="0" total="1" passed="1">
  <reporter-output>
  </reporter-output>
  <suite name="Default suite" duration-ms="5591" started-at="2017-11-18T11:33:48Z" finished-at="2017-11-18T11:33:53Z">
    <groups>
    </groups>
    <test name="Default test" duration-ms="5591" started-at="2017-11-18T11:33:48Z" finished-at="2017-11-18T11:33:53Z">
      <class name="a.NewTest">
        <test-method status="PASS" signature="f()[pri:0, instance:a.NewTest@c64813]" name="f" duration-ms="5570" started-at="2017-11-18T17:03:48Z" finished-at="2017-11-18T17:03:53Z">
          <reporter-output>
          </reporter-output>
        </test-method> <!-- f -->
      </class> <!-- a.NewTest -->
    </test> <!-- Default test -->
  </suite> <!-- Default suite -->
</testng-results>
